Determining if the pthread_create exist failed with the following output:
Change Dir: /home/admin233/demo06_ws/build/CMakeFiles/CMakeTmp

Run Build Command:"/usr/bin/make" "cmTC_4be6d/fast"
/usr/bin/make -f CMakeFiles/cmTC_4be6d.dir/build.make CMakeFiles/cmTC_4be6d.dir/build
make[1]: Entering directory '/home/admin233/demo06_ws/build/CMakeFiles/CMakeTmp'
Building C object CMakeFiles/cmTC_4be6d.dir/CheckSymbolExists.c.o
/usr/bin/cc    -o CMakeFiles/cmTC_4be6d.dir/CheckSymbolExists.c.o   -c /home/admin233/demo06_ws/build/CMakeFiles/CMakeTmp/CheckSymbolExists.c
Linking C executable cmTC_4be6d
/usr/bin/cmake -E cmake_link_script CMakeFiles/cmTC_4be6d.dir/link.txt --verbose=1
/usr/bin/cc      -rdynamic CMakeFiles/cmTC_4be6d.dir/CheckSymbolExists.c.o  -o cmTC_4be6d 
CMakeFiles/cmTC_4be6d.dir/CheckSymbolExists.c.o: In function `main':
CheckSymbolExists.c:(.text+0x1b): undefined reference to `pthread_create'
collect2: error: ld returned 1 exit status
CMakeFiles/cmTC_4be6d.dir/build.make:97: recipe for target 'cmTC_4be6d' failed
make[1]: *** [cmTC_4be6d] Error 1
make[1]: Leaving directory '/home/admin233/demo06_ws/build/CMakeFiles/CMakeTmp'
Makefile:126: recipe for target 'cmTC_4be6d/fast' failed
make: *** [cmTC_4be6d/fast] Error 2

File /home/admin233/demo06_ws/build/CMakeFiles/CMakeTmp/CheckSymbolExists.c:
/* */
#include <pthread.h>

int main(int argc, char** argv)
{
  (void)argv;
#ifndef pthread_create
  return ((int*)(&pthread_create))[argc];
#else
  (void)argc;
  return 0;
#endif
}

Determining if the function pthread_create exists in the pthreads failed with the following output:
Change Dir: /home/admin233/demo06_ws/build/CMakeFiles/CMakeTmp

Run Build Command:"/usr/bin/make" "cmTC_20fb3/fast"
/usr/bin/make -f CMakeFiles/cmTC_20fb3.dir/build.make CMakeFiles/cmTC_20fb3.dir/build
make[1]: Entering directory '/home/admin233/demo06_ws/build/CMakeFiles/CMakeTmp'
Building C object CMakeFiles/cmTC_20fb3.dir/CheckFunctionExists.c.o
/usr/bin/cc   -DCHECK_FUNCTION_EXISTS=pthread_create   -o CMakeFiles/cmTC_20fb3.dir/CheckFunctionExists.c.o   -c /usr/share/cmake-3.10/Modules/CheckFunctionExists.c
Linking C executable cmTC_20fb3
/usr/bin/cmake -E cmake_link_script CMakeFiles/cmTC_20fb3.dir/link.txt --verbose=1
/usr/bin/cc  -DCHECK_FUNCTION_EXISTS=pthread_create    -rdynamic CMakeFiles/cmTC_20fb3.dir/CheckFunctionExists.c.o  -o cmTC_20fb3 -lpthreads 
/usr/bin/ld: cannot find -lpthreads
collect2: error: ld returned 1 exit status
CMakeFiles/cmTC_20fb3.dir/build.make:97: recipe for target 'cmTC_20fb3' failed
make[1]: *** [cmTC_20fb3] Error 1
make[1]: Leaving directory '/home/admin233/demo06_ws/build/CMakeFiles/CMakeTmp'
Makefile:126: recipe for target 'cmTC_20fb3/fast' failed
make: *** [cmTC_20fb3/fast] Error 2


